{"level":"info","message":"This is an informational log."}
{"level":"error","message":"This is an error log."}
{"level":"info","message":"GET /blogspage route accessed."}
{"level":"info","message":"GET /blogspage route succeeded."}
{"level":"info","message":"Pagination: Page"}
{"level":"info","message":"Number of blogs returned:"}
{"level":"info","message":"POST /blogs route accessed."}
{"level":"info","message":"POST /blogs route succeeded: Blog created"}
{"level":"info","message":"GET /drafts route accessed."}
{"level":"info","message":"GET /drafts route succeeded."}
{"level":"info","message":"Pagination: Page"}
{"level":"info","message":"Number of draft blogs returned:"}
{"level":"info","message":"GET /blogspage route accessed."}
{"level":"info","message":"GET /blogspage route succeeded."}
{"level":"info","message":"Pagination: Page"}
{"level":"info","message":"Number of blogs returned:"}
{"level":"info","message":"GET /myblogs route accessed."}
{"level":"info","message":"GET /myblogs route succeeded."}
{"level":"info","message":"Pagination: Page"}
{"level":"info","message":"Number of blogs returned:"}
{"level":"info","message":"GET /drafts route accessed."}
{"level":"info","message":"GET /drafts route succeeded."}
{"level":"info","message":"Pagination: Page"}
{"level":"info","message":"Number of draft blogs returned:"}
{"level":"info","message":"GET /blogspage route accessed."}
{"level":"info","message":"GET /blogspage route succeeded."}
{"level":"info","message":"Pagination: Page"}
{"level":"info","message":"Number of blogs returned:"}
